2025-09-24 19:39:37.685690 - User: Anonymous - Path: /api/token/
2025-09-24 19:39:53.203485 - User: Anonymous - Path: /api/token/
2025-09-24 19:42:45.410475 - User: Guest - Path: /api/token/
2025-09-24 19:45:20.194401 - User: Guest - Path: /api/token/
2025-09-24 19:51:05.695130 - User: Guest - Path: /api/token/
2025-09-24 20:13:44.110083 - User: Guest - Path: /api/token/
2025-09-24 20:14:12.294537 - User: Guest - Path: /api/conversations/
2025-09-24 20:15:03.002253 - User: Guest - Path: /api/conversations/2c65e11b-31fa-44ee-945c-0d404682a322/messages/
2025-09-24 20:15:27.954058 - User: Guest - Path: /api/token/refresh/
2025-09-24 20:15:34.684615 - User: Guest - Path: /api/token/refresh/
2025-09-24 20:15:50.907166 - User: Guest - Path: /api/conversations/2c65e11b-31fa-44ee-945c-0d404682a322/messages/
2025-09-24 21:11:57.381220 - User: Guest - Path: /api/token/
2025-09-24 21:12:54.618542 - User: Guest - Path: /api/token/
2025-09-24 21:13:55.243090 - User: Guest - Path: /api/conversations/2c65e11b-31fa-44ee-945c-0d404682a322/messages/
2025-09-24 21:14:13.973823 - User: Guest - Path: /api/conversations/2c65e11b-31fa-44ee-945c-0d404682a322/messages/
2025-09-24 21:14:31.231716 - User: Guest - Path: /api/conversations/2c65e11b-31fa-44ee-945c-0d404682a322/messages/
2025-09-24 21:14:44.699190 - User: Guest - Path: /api/conversations/2c65e11b-31fa-44ee-945c-0d404682a322/messages/
2025-09-24 21:15:38.769983 - User: Guest - Path: /api/conversations/2c65e11b-31fa-44ee-945c-0d404682a322/messages/
2025-09-24 21:15:40.248375 - User: Guest - Path: /api/conversations/2c65e11b-31fa-44ee-945c-0d404682a322/messages/
2025-09-24 21:15:41.467912 - User: Guest - Path: /api/conversations/2c65e11b-31fa-44ee-945c-0d404682a322/messages/
2025-09-24 21:15:42.930023 - User: Guest - Path: /api/conversations/2c65e11b-31fa-44ee-945c-0d404682a322/messages/
2025-09-24 21:15:44.177197 - User: Guest - Path: /api/conversations/2c65e11b-31fa-44ee-945c-0d404682a322/messages/
2025-09-24 21:22:07.060849 - User: Guest - Path: /api/token/refresh/
2025-09-24 21:22:22.675680 - User: Guest - Path: /api/conversations/2c65e11b-31fa-44ee-945c-0d404682a322/messages/
2025-09-24 21:22:46.078534 - User: Guest - Path: /api/conversations/2c65e11b-31fa-44ee-945c-0d404682a322/messages/
2025-09-24 21:26:14.417305 - User: Guest - Path: /api/conversations/2c65e11b-31fa-44ee-945c-0d404682a322/messages/
2025-09-24 21:31:31.340776 - User: Guest - Path: /api/conversations/2c65e11b-31fa-44ee-945c-0d404682a322/messages/
2025-09-24 21:31:31 - IP: 127.0.0.1 - Path: /api/conversations/2c65e11b-31fa-44ee-945c-0d404682a322/messages/
2025-09-24 21:31:39.501625 - User: Guest - Path: /api/token/refresh/
2025-09-24 21:32:07.934287 - User: Guest - Path: /api/conversations/2c65e11b-31fa-44ee-945c-0d404682a322/messages/
2025-09-24 21:32:07 - IP: 127.0.0.1 - Path: /api/conversations/2c65e11b-31fa-44ee-945c-0d404682a322/messages/
2025-09-24 21:33:29.313506 - User: Guest - Path: /api/conversations/
